# JRE version: Java(TM) SE Runtime Environment (8.0_191-b12) (build 1.8.0_191-b12)
# Java VM: Java HotSpot(TM) 64-Bit Server VM (25.191-b12 mixed mode windows-amd64 compressed oops)
Heap:
 PSYoungGen      total 58880K, used 28694K [0x00000000d5d80000, 0x00000000da880000, 0x0000000100000000)
  eden space 53760K, 43% used [0x00000000d5d80000,0x00000000d7488e38,0x00000000d9200000)
  from space 5120K, 99% used [0x00000000da380000,0x00000000da87cd40,0x00000000da880000)
  to   space 7680K, 0% used [0x00000000d9980000,0x00000000d9980000,0x00000000da100000)
 ParOldGen       total 52736K, used 6710K [0x0000000081800000, 0x0000000084b80000, 0x00000000d5d80000)
  object space 52736K, 12% used [0x0000000081800000,0x0000000081e8dba8,0x0000000084b80000)
 Metaspace       used 24406K, capacity 24776K, committed 24960K, reserved 1071104K
  class space    used 2965K, capacity 3118K, committed 3200K, reserved 1048576K
GC Heap History (10 events):
Event: 3.110 GC heap before
{Heap before GC invocations=4 (full 1):
 PSYoungGen      total 38400K, used 37355K [0x00000000d5d80000, 0x00000000da880000, 0x0000000100000000)
  eden space 33280K, 100% used [0x00000000d5d80000,0x00000000d7e00000,0x00000000d7e00000)
  from space 5120K, 79% used [0x00000000d8300000,0x00000000d86facc0,0x00000000d8800000)
  to   space 5120K, 0% used [0x00000000d7e00000,0x00000000d7e00000,0x00000000d8300000)
 ParOldGen       total 87552K, used 1318K [0x0000000081800000, 0x0000000086d80000, 0x00000000d5d80000)
  object space 87552K, 1% used [0x0000000081800000,0x00000000819499b0,0x0000000086d80000)
 Metaspace       used 14991K, capacity 15314K, committed 15488K, reserved 1062912K
  class space    used 1768K, capacity 1860K, committed 1920K, reserved 1048576K
Event: 3.121 GC heap after
Heap after GC invocations=4 (full 1):
 PSYoungGen      total 38400K, used 5098K [0x00000000d5d80000, 0x00000000d8800000, 0x0000000100000000)
  eden space 33280K, 0% used [0x00000000d5d80000,0x00000000d5d80000,0x00000000d7e00000)
  from space 5120K, 99% used [0x00000000d7e00000,0x00000000d82fa828,0x00000000d8300000)
  to   space 5120K, 0% used [0x00000000d8300000,0x00000000d8300000,0x00000000d8800000)
 ParOldGen       total 87552K, used 1735K [0x0000000081800000, 0x0000000086d80000, 0x00000000d5d80000)
  object space 87552K, 1% used [0x0000000081800000,0x00000000819b1db0,0x0000000086d80000)
 Metaspace       used 14991K, capacity 15314K, committed 15488K, reserved 1062912K
  class space    used 1768K, capacity 1860K, committed 1920K, reserved 1048576K
}
Event: 3.934 GC heap before
{Heap before GC invocations=5 (full 1):
 PSYoungGen      total 38400K, used 38378K [0x00000000d5d80000, 0x00000000d8800000, 0x0000000100000000)
  eden space 33280K, 100% used [0x00000000d5d80000,0x00000000d7e00000,0x00000000d7e00000)
  from space 5120K, 99% used [0x00000000d7e00000,0x00000000d82fa828,0x00000000d8300000)
  to   space 5120K, 0% used [0x00000000d8300000,0x00000000d8300000,0x00000000d8800000)
 ParOldGen       total 87552K, used 1735K [0x0000000081800000, 0x0000000086d80000, 0x00000000d5d80000)
  object space 87552K, 1% used [0x0000000081800000,0x00000000819b1db0,0x0000000086d80000)
 Metaspace       used 19699K, capacity 19988K, committed 20224K, reserved 1067008K
  class space    used 2370K, capacity 2502K, committed 2560K, reserved 1048576K
Event: 3.941 GC heap after
Heap after GC invocations=5 (full 1):
 PSYoungGen      total 38400K, used 4441K [0x00000000d5d80000, 0x00000000d8800000, 0x0000000100000000)
  eden space 33280K, 0% used [0x00000000d5d80000,0x00000000d5d80000,0x00000000d7e00000)
  from space 5120K, 86% used [0x00000000d8300000,0x00000000d8756730,0x00000000d8800000)
  to   space 5120K, 0% used [0x00000000d7e00000,0x00000000d7e00000,0x00000000d8300000)
 ParOldGen       total 87552K, used 1743K [0x0000000081800000, 0x0000000086d80000, 0x00000000d5d80000)
  object space 87552K, 1% used [0x0000000081800000,0x00000000819b3db0,0x0000000086d80000)
 Metaspace       used 19699K, capacity 19988K, committed 20224K, reserved 1067008K
  class space    used 2370K, capacity 2502K, committed 2560K, reserved 1048576K
}
Event: 4.163 GC heap before
{Heap before GC invocations=6 (full 1):
 PSYoungGen      total 38400K, used 17750K [0x00000000d5d80000, 0x00000000d8800000, 0x0000000100000000)
  eden space 33280K, 39% used [0x00000000d5d80000,0x00000000d6a7f270,0x00000000d7e00000)
  from space 5120K, 86% used [0x00000000d8300000,0x00000000d8756730,0x00000000d8800000)
  to   space 5120K, 0% used [0x00000000d7e00000,0x00000000d7e00000,0x00000000d8300000)
 ParOldGen       total 87552K, used 1743K [0x0000000081800000, 0x0000000086d80000, 0x00000000d5d80000)
  object space 87552K, 1% used [0x0000000081800000,0x00000000819b3db0,0x0000000086d80000)
 Metaspace       used 20806K, capacity 21192K, committed 21296K, reserved 1069056K
  class space    used 2525K, capacity 2670K, committed 2688K, reserved 1048576K
Event: 4.178 GC heap after
Heap after GC invocations=6 (full 1):
 PSYoungGen      total 38400K, used 5114K [0x00000000d5d80000, 0x00000000da880000, 0x0000000100000000)
  eden space 33280K, 0% used [0x00000000d5d80000,0x00000000d5d80000,0x00000000d7e00000)
  from space 5120K, 99% used [0x00000000d7e00000,0x00000000d82fe860,0x00000000d8300000)
  to   space 5120K, 0% used [0x00000000da380000,0x00000000da380000,0x00000000da880000)
 ParOldGen       total 87552K, used 1855K [0x0000000081800000, 0x0000000086d80000, 0x00000000d5d80000)
  object space 87552K, 2% used [0x0000000081800000,0x00000000819cfdb0,0x0000000086d80000)
 Metaspace       used 20806K, capacity 21192K, committed 21296K, reserved 1069056K
  class space    used 2525K, capacity 2670K, committed 2688K, reserved 1048576K
}
Event: 4.178 GC heap before
{Heap before GC invocations=7 (full 2):
 PSYoungGen      total 38400K, used 5114K [0x00000000d5d80000, 0x00000000da880000, 0x0000000100000000)
  eden space 33280K, 0% used [0x00000000d5d80000,0x00000000d5d80000,0x00000000d7e00000)
  from space 5120K, 99% used [0x00000000d7e00000,0x00000000d82fe860,0x00000000d8300000)
  to   space 5120K, 0% used [0x00000000da380000,0x00000000da380000,0x00000000da880000)
 ParOldGen       total 87552K, used 1855K [0x0000000081800000, 0x0000000086d80000, 0x00000000d5d80000)
  object space 87552K, 2% used [0x0000000081800000,0x00000000819cfdb0,0x0000000086d80000)
 Metaspace       used 20806K, capacity 21192K, committed 21296K, reserved 1069056K
  class space    used 2525K, capacity 2670K, committed 2688K, reserved 1048576K
Event: 4.227 GC heap after
Heap after GC invocations=7 (full 2):
 PSYoungGen      total 38400K, used 0K [0x00000000d5d80000, 0x00000000da880000, 0x0000000100000000)
  eden space 33280K, 0% used [0x00000000d5d80000,0x00000000d5d80000,0x00000000d7e00000)
  from space 5120K, 0% used [0x00000000d7e00000,0x00000000d7e00000,0x00000000d8300000)
  to   space 5120K, 0% used [0x00000000da380000,0x00000000da380000,0x00000000da880000)
 ParOldGen       total 52736K, used 6139K [0x0000000081800000, 0x0000000084b80000, 0x00000000d5d80000)
  object space 52736K, 11% used [0x0000000081800000,0x0000000081dfee60,0x0000000084b80000)
 Metaspace       used 20806K, capacity 21192K, committed 21296K, reserved 1069056K
  class space    used 2525K, capacity 2670K, committed 2688K, reserved 1048576K
}
Event: 4.778 GC heap before
{Heap before GC invocations=8 (full 2):
 PSYoungGen      total 38400K, used 33280K [0x00000000d5d80000, 0x00000000da880000, 0x0000000100000000)
  eden space 33280K, 100% used [0x00000000d5d80000,0x00000000d7e00000,0x00000000d7e00000)
  from space 5120K, 0% used [0x00000000d7e00000,0x00000000d7e00000,0x00000000d8300000)
  to   space 5120K, 0% used [0x00000000da380000,0x00000000da380000,0x00000000da880000)
 ParOldGen       total 52736K, used 6139K [0x0000000081800000, 0x0000000084b80000, 0x00000000d5d80000)
  object space 52736K, 11% used [0x0000000081800000,0x0000000081dfee60,0x0000000084b80000)
 Metaspace       used 23631K, capacity 24072K, committed 24320K, reserved 1071104K
  class space    used 2889K, capacity 3054K, committed 3072K, reserved 1048576K
Event: 4.788 GC heap after
Heap after GC invocations=8 (full 2):
 PSYoungGen      total 58880K, used 5107K [0x00000000d5d80000, 0x00000000da880000, 0x0000000100000000)
  eden space 53760K, 0% used [0x00000000d5d80000,0x00000000d5d80000,0x00000000d9200000)
  from space 5120K, 99% used [0x00000000da380000,0x00000000da87cd40,0x00000000da880000)
  to   space 7680K, 0% used [0x00000000d9980000,0x00000000d9980000,0x00000000da100000)
 ParOldGen       total 52736K, used 6710K [0x0000000081800000, 0x0000000084b80000, 0x00000000d5d80000)
  object space 52736K, 12% used [0x0000000081800000,0x0000000081e8dba8,0x0000000084b80000)
 Metaspace       used 23631K, capacity 24072K, committed 24320K, reserved 1071104K
  class space    used 2889K, capacity 3054K, committed 3072K, reserved 1048576K
}

