# JRE version: Java(TM) SE Runtime Environment (8.0_191-b12) (build 1.8.0_191-b12)
# Java VM: Java HotSpot(TM) 64-Bit Server VM (25.191-b12 mixed mode windows-amd64 compressed oops)
Heap:
 PSYoungGen      total 57344K, used 28070K [0x00000000d5d80000, 0x00000000da880000, 0x0000000100000000)
  eden space 52224K, 43% used [0x00000000d5d80000,0x00000000d73e9ce0,0x00000000d9080000)
  from space 5120K, 99% used [0x00000000da380000,0x00000000da87fc00,0x00000000da880000)
  to   space 7680K, 0% used [0x00000000d9980000,0x00000000d9980000,0x00000000da100000)
 ParOldGen       total 54784K, used 6940K [0x0000000081800000, 0x0000000084d80000, 0x00000000d5d80000)
  object space 54784K, 12% used [0x0000000081800000,0x0000000081ec7118,0x0000000084d80000)
 Metaspace       used 24405K, capacity 24776K, committed 24960K, reserved 1071104K
  class space    used 2966K, capacity 3118K, committed 3200K, reserved 1048576K
GC Heap History (10 events):
Event: 2.640 GC heap before
{Heap before GC invocations=4 (full 1):
 PSYoungGen      total 38400K, used 37314K [0x00000000d5d80000, 0x00000000d8800000, 0x0000000100000000)
  eden space 33280K, 100% used [0x00000000d5d80000,0x00000000d7e00000,0x00000000d7e00000)
  from space 5120K, 78% used [0x00000000d8300000,0x00000000d86f0b38,0x00000000d8800000)
  to   space 5120K, 0% used [0x00000000d7e00000,0x00000000d7e00000,0x00000000d8300000)
 ParOldGen       total 87552K, used 1318K [0x0000000081800000, 0x0000000086d80000, 0x00000000d5d80000)
  object space 87552K, 1% used [0x0000000081800000,0x0000000081949970,0x0000000086d80000)
 Metaspace       used 14984K, capacity 15310K, committed 15488K, reserved 1062912K
  class space    used 1768K, capacity 1860K, committed 1920K, reserved 1048576K
Event: 2.650 GC heap after
Heap after GC invocations=4 (full 1):
 PSYoungGen      total 38400K, used 5110K [0x00000000d5d80000, 0x00000000d8800000, 0x0000000100000000)
  eden space 33280K, 0% used [0x00000000d5d80000,0x00000000d5d80000,0x00000000d7e00000)
  from space 5120K, 99% used [0x00000000d7e00000,0x00000000d82fd910,0x00000000d8300000)
  to   space 5120K, 0% used [0x00000000d8300000,0x00000000d8300000,0x00000000d8800000)
 ParOldGen       total 87552K, used 1705K [0x0000000081800000, 0x0000000086d80000, 0x00000000d5d80000)
  object space 87552K, 1% used [0x0000000081800000,0x00000000819aa7c0,0x0000000086d80000)
 Metaspace       used 14984K, capacity 15310K, committed 15488K, reserved 1062912K
  class space    used 1768K, capacity 1860K, committed 1920K, reserved 1048576K
}
Event: 3.675 GC heap before
{Heap before GC invocations=5 (full 1):
 PSYoungGen      total 38400K, used 38390K [0x00000000d5d80000, 0x00000000d8800000, 0x0000000100000000)
  eden space 33280K, 100% used [0x00000000d5d80000,0x00000000d7e00000,0x00000000d7e00000)
  from space 5120K, 99% used [0x00000000d7e00000,0x00000000d82fd910,0x00000000d8300000)
  to   space 5120K, 0% used [0x00000000d8300000,0x00000000d8300000,0x00000000d8800000)
 ParOldGen       total 87552K, used 1705K [0x0000000081800000, 0x0000000086d80000, 0x00000000d5d80000)
  object space 87552K, 1% used [0x0000000081800000,0x00000000819aa7c0,0x0000000086d80000)
 Metaspace       used 19686K, capacity 20048K, committed 20224K, reserved 1067008K
  class space    used 2369K, capacity 2502K, committed 2560K, reserved 1048576K
Event: 3.685 GC heap after
Heap after GC invocations=5 (full 1):
 PSYoungGen      total 38400K, used 4441K [0x00000000d5d80000, 0x00000000d8800000, 0x0000000100000000)
  eden space 33280K, 0% used [0x00000000d5d80000,0x00000000d5d80000,0x00000000d7e00000)
  from space 5120K, 86% used [0x00000000d8300000,0x00000000d8756730,0x00000000d8800000)
  to   space 5120K, 0% used [0x00000000d7e00000,0x00000000d7e00000,0x00000000d8300000)
 ParOldGen       total 87552K, used 1713K [0x0000000081800000, 0x0000000086d80000, 0x00000000d5d80000)
  object space 87552K, 1% used [0x0000000081800000,0x00000000819ac7c0,0x0000000086d80000)
 Metaspace       used 19686K, capacity 20048K, committed 20224K, reserved 1067008K
  class space    used 2369K, capacity 2502K, committed 2560K, reserved 1048576K
}
Event: 3.977 GC heap before
{Heap before GC invocations=6 (full 1):
 PSYoungGen      total 38400K, used 17956K [0x00000000d5d80000, 0x00000000d8800000, 0x0000000100000000)
  eden space 33280K, 40% used [0x00000000d5d80000,0x00000000d6ab2a60,0x00000000d7e00000)
  from space 5120K, 86% used [0x00000000d8300000,0x00000000d8756730,0x00000000d8800000)
  to   space 5120K, 0% used [0x00000000d7e00000,0x00000000d7e00000,0x00000000d8300000)
 ParOldGen       total 87552K, used 1713K [0x0000000081800000, 0x0000000086d80000, 0x00000000d5d80000)
  object space 87552K, 1% used [0x0000000081800000,0x00000000819ac7c0,0x0000000086d80000)
 Metaspace       used 20876K, capacity 21192K, committed 21296K, reserved 1069056K
  class space    used 2534K, capacity 2670K, committed 2688K, reserved 1048576K
Event: 3.986 GC heap after
Heap after GC invocations=6 (full 1):
 PSYoungGen      total 38400K, used 5094K [0x00000000d5d80000, 0x00000000da880000, 0x0000000100000000)
  eden space 33280K, 0% used [0x00000000d5d80000,0x00000000d5d80000,0x00000000d7e00000)
  from space 5120K, 99% used [0x00000000d7e00000,0x00000000d82f9860,0x00000000d8300000)
  to   space 5120K, 0% used [0x00000000da380000,0x00000000da380000,0x00000000da880000)
 ParOldGen       total 87552K, used 1771K [0x0000000081800000, 0x0000000086d80000, 0x00000000d5d80000)
  object space 87552K, 2% used [0x0000000081800000,0x00000000819bae00,0x0000000086d80000)
 Metaspace       used 20876K, capacity 21192K, committed 21296K, reserved 1069056K
  class space    used 2534K, capacity 2670K, committed 2688K, reserved 1048576K
}
Event: 3.986 GC heap before
{Heap before GC invocations=7 (full 2):
 PSYoungGen      total 38400K, used 5094K [0x00000000d5d80000, 0x00000000da880000, 0x0000000100000000)
  eden space 33280K, 0% used [0x00000000d5d80000,0x00000000d5d80000,0x00000000d7e00000)
  from space 5120K, 99% used [0x00000000d7e00000,0x00000000d82f9860,0x00000000d8300000)
  to   space 5120K, 0% used [0x00000000da380000,0x00000000da380000,0x00000000da880000)
 ParOldGen       total 87552K, used 1771K [0x0000000081800000, 0x0000000086d80000, 0x00000000d5d80000)
  object space 87552K, 2% used [0x0000000081800000,0x00000000819bae00,0x0000000086d80000)
 Metaspace       used 20876K, capacity 21192K, committed 21296K, reserved 1069056K
  class space    used 2534K, capacity 2670K, committed 2688K, reserved 1048576K
Event: 4.025 GC heap after
Heap after GC invocations=7 (full 2):
 PSYoungGen      total 38400K, used 0K [0x00000000d5d80000, 0x00000000da880000, 0x0000000100000000)
  eden space 33280K, 0% used [0x00000000d5d80000,0x00000000d5d80000,0x00000000d7e00000)
  from space 5120K, 0% used [0x00000000d7e00000,0x00000000d7e00000,0x00000000d8300000)
  to   space 5120K, 0% used [0x00000000da380000,0x00000000da380000,0x00000000da880000)
 ParOldGen       total 54784K, used 6096K [0x0000000081800000, 0x0000000084d80000, 0x00000000d5d80000)
  object space 54784K, 11% used [0x0000000081800000,0x0000000081df4338,0x0000000084d80000)
 Metaspace       used 20876K, capacity 21192K, committed 21296K, reserved 1069056K
  class space    used 2534K, capacity 2670K, committed 2688K, reserved 1048576K
}
Event: 4.730 GC heap before
{Heap before GC invocations=8 (full 2):
 PSYoungGen      total 38400K, used 33280K [0x00000000d5d80000, 0x00000000da880000, 0x0000000100000000)
  eden space 33280K, 100% used [0x00000000d5d80000,0x00000000d7e00000,0x00000000d7e00000)
  from space 5120K, 0% used [0x00000000d7e00000,0x00000000d7e00000,0x00000000d8300000)
  to   space 5120K, 0% used [0x00000000da380000,0x00000000da380000,0x00000000da880000)
 ParOldGen       total 54784K, used 6096K [0x0000000081800000, 0x0000000084d80000, 0x00000000d5d80000)
  object space 54784K, 11% used [0x0000000081800000,0x0000000081df4338,0x0000000084d80000)
 Metaspace       used 23623K, capacity 23976K, committed 24064K, reserved 1071104K
  class space    used 2890K, capacity 3022K, committed 3072K, reserved 1048576K
Event: 4.742 GC heap after
Heap after GC invocations=8 (full 2):
 PSYoungGen      total 57344K, used 5119K [0x00000000d5d80000, 0x00000000da880000, 0x0000000100000000)
  eden space 52224K, 0% used [0x00000000d5d80000,0x00000000d5d80000,0x00000000d9080000)
  from space 5120K, 99% used [0x00000000da380000,0x00000000da87fc00,0x00000000da880000)
  to   space 7680K, 0% used [0x00000000d9980000,0x00000000d9980000,0x00000000da100000)
 ParOldGen       total 54784K, used 6940K [0x0000000081800000, 0x0000000084d80000, 0x00000000d5d80000)
  object space 54784K, 12% used [0x0000000081800000,0x0000000081ec7118,0x0000000084d80000)
 Metaspace       used 23623K, capacity 23976K, committed 24064K, reserved 1071104K
  class space    used 2890K, capacity 3022K, committed 3072K, reserved 1048576K
}

